<?xml version='1.0' encoding='UTF-8'?>
<testsuite hostname="marek-Vostro-5468" name="Histogram1DSpec" tests="1" errors="0" failures="0" skipped="0" time="0.032" timestamp="2020-10-27T12:12:46">
                     <properties>
[...]
</properties>
                     <testcase classname="Histogram1DSpec" name="Histogram1d should calculatePerceivedBrightness - return 0" time="0.032">
                                                 
                                               </testcase>
                     <system-out><![CDATA[]]></system-out>
                     <system-err><![CDATA[]]></system-err>
                   </testsuite>